<?xml version="1.0" encoding="UTF-8"?>
<!-- Generated by org.testng.reporters.JUnitXMLReporter -->
<testsuite ignored="0" hostname="mucwft068" failures="1" tests="4" name="Test" time="129.033" errors="0" timestamp="2023-05-02T09:34:54 CEST">
  <testcase classname="onpierTestpersonaldetails.TestPersonalDetails" name="testAnrede" time="23.209">
    <failure type="java.lang.AssertionError" message="expected [false] but found [true]">
      <![CDATA[java.lang.AssertionError: expected [false] but found [true]
at onpierPages.PersönlicheDateneingebenPage.verifyAndRedeOptions(PersönlicheDateneingebenPage.java:103)
at onpierTestpersonaldetails.TestPersonalDetails.testAnrede(TestPersonalDetails.java:41)
at java.base/java.util.ArrayList.forEach(ArrayList.java:1511)
... Removed 34 stack frames]]>
    </failure>
  </testcase> <!-- testAnrede -->
  <testcase classname="onpierTestpersonaldetails.TestPersonalDetails" name="verifyEachFiledValidation" time="25.069"/>
  <testcase classname="onpierTestpersonaldetails.TestPersonalDetails" name="verifyPersönlicheDateneingebenMandatoryErrorMessage" time="30.688"/>
  <testcase classname="onpierTestpersonaldetails.TestPersonalDetails" name="verifyUnternehmenExtraOptions" time="47.351"/>
</testsuite> <!-- Test -->
