<?xml version="1.0" encoding="UTF-8"?>
<!-- Generated by org.testng.reporters.JUnitXMLReporter -->
<testsuite ignored="0" hostname="mucwft068" failures="0" tests="4" name="Default test" time="118.52" errors="0" timestamp="2023-05-02T09:55:42 CEST">
  <testcase classname="onpierTestpersonaldetails.TestPersonalDetails" name="testAnrede" time="22.225"/>
  <testcase classname="onpierTestpersonaldetails.TestPersonalDetails" name="verifyEachFiledValidation" time="21.575"/>
  <testcase classname="onpierTestpersonaldetails.TestPersonalDetails" name="verifyPersönlicheDateneingebenMandatoryErrorMessage" time="27.657"/>
  <testcase classname="onpierTestpersonaldetails.TestPersonalDetails" name="verifyUnternehmenExtraOptions" time="44.285"/>
</testsuite> <!-- Default test -->
