<?xml version="1.0" encoding="UTF-8"?>
<testng-results ignored="0" total="4" passed="4" failed="0" skipped="0">
  <reporter-output>
  </reporter-output>
  <suite started-at="2023-05-02T09:53:44 CEST" name="Default suite" finished-at="2023-05-02T09:55:42 CEST" duration-ms="118520">
    <groups>
    </groups>
    <test started-at="2023-05-02T09:53:44 CEST" name="Default test" finished-at="2023-05-02T09:55:42 CEST" duration-ms="118520">
      <class name="onpierTestpersonaldetails.TestPersonalDetails">
        <test-method is-config="true" signature="startBrowser()[pri:0, instance:onpierTestpersonaldetails.TestPersonalDetails@5824a83d]" started-at="2023-05-02T09:53:44 CEST" name="startBrowser" finished-at="2023-05-02T09:53:45 CEST" duration-ms="1537" status="PASS">
          <reporter-output>
          </reporter-output>
        </test-method> <!-- startBrowser -->
        <test-method is-config="true" signature="launchTheURl()[pri:0, instance:onpierTestpersonaldetails.TestPersonalDetails@5824a83d]" started-at="2023-05-02T09:53:45 CEST" name="launchTheURl" finished-at="2023-05-02T09:53:46 CEST" duration-ms="653" status="PASS">
          <reporter-output>
          </reporter-output>
        </test-method> <!-- launchTheURl -->
        <test-method signature="testAnrede()[pri:0, instance:onpierTestpersonaldetails.TestPersonalDetails@5824a83d]" started-at="2023-05-02T09:53:46 CEST" name="testAnrede" finished-at="2023-05-02T09:54:08 CEST" duration-ms="22225" status="PASS">
          <reporter-output>
          </reporter-output>
        </test-method> <!-- testAnrede -->
        <test-method is-config="true" signature="launchTheURl()[pri:0, instance:onpierTestpersonaldetails.TestPersonalDetails@5824a83d]" started-at="2023-05-02T09:54:08 CEST" name="launchTheURl" finished-at="2023-05-02T09:54:08 CEST" duration-ms="125" status="PASS">
          <reporter-output>
          </reporter-output>
        </test-method> <!-- launchTheURl -->
        <test-method signature="verifyEachFiledValidation()[pri:0, instance:onpierTestpersonaldetails.TestPersonalDetails@5824a83d]" started-at="2023-05-02T09:54:08 CEST" name="verifyEachFiledValidation" finished-at="2023-05-02T09:54:30 CEST" duration-ms="21575" status="PASS">
          <reporter-output>
          </reporter-output>
        </test-method> <!-- verifyEachFiledValidation -->
        <test-method is-config="true" signature="launchTheURl()[pri:0, instance:onpierTestpersonaldetails.TestPersonalDetails@5824a83d]" started-at="2023-05-02T09:54:30 CEST" name="launchTheURl" finished-at="2023-05-02T09:54:30 CEST" duration-ms="96" status="PASS">
          <reporter-output>
          </reporter-output>
        </test-method> <!-- launchTheURl -->
        <test-method signature="verifyPersönlicheDateneingebenMandatoryErrorMessage()[pri:0, instance:onpierTestpersonaldetails.TestPersonalDetails@5824a83d]" started-at="2023-05-02T09:54:30 CEST" name="verifyPersönlicheDateneingebenMandatoryErrorMessage" finished-at="2023-05-02T09:54:58 CEST" duration-ms="27657" status="PASS">
          <reporter-output>
          </reporter-output>
        </test-method> <!-- verifyPersönlicheDateneingebenMandatoryErrorMessage -->
        <test-method is-config="true" signature="launchTheURl()[pri:0, instance:onpierTestpersonaldetails.TestPersonalDetails@5824a83d]" started-at="2023-05-02T09:54:58 CEST" name="launchTheURl" finished-at="2023-05-02T09:54:58 CEST" duration-ms="143" status="PASS">
          <reporter-output>
          </reporter-output>
        </test-method> <!-- launchTheURl -->
        <test-method signature="verifyUnternehmenExtraOptions()[pri:0, instance:onpierTestpersonaldetails.TestPersonalDetails@5824a83d]" started-at="2023-05-02T09:54:58 CEST" name="verifyUnternehmenExtraOptions" finished-at="2023-05-02T09:55:42 CEST" duration-ms="44285" status="PASS">
          <reporter-output>
          </reporter-output>
        </test-method> <!-- verifyUnternehmenExtraOptions -->
        <test-method is-config="true" signature="tearDown()[pri:0, instance:onpierTestpersonaldetails.TestPersonalDetails@5824a83d]" started-at="2023-05-02T09:55:42 CEST" name="tearDown" finished-at="2023-05-02T09:55:42 CEST" duration-ms="188" status="PASS">
          <reporter-output>
          </reporter-output>
        </test-method> <!-- tearDown -->
      </class> <!-- onpierTestpersonaldetails.TestPersonalDetails -->
    </test> <!-- Default test -->
  </suite> <!-- Default suite -->
</testng-results>
