<?xml version="1.0" encoding="UTF-8"?>
<!-- Generated by org.testng.reporters.JUnitReportReporter -->
<testsuite hostname="mucwft068" failures="0" tests="4" name="onpierTestpersonaldetails.TestPersonalDetails" time="116.759" errors="0" timestamp="2023-05-02T09:55:42 CEST" skipped="0">
  <testcase classname="onpierTestpersonaldetails.TestPersonalDetails" name="testAnrede" time="22.321"/>
  <system-out/>
  <testcase classname="onpierTestpersonaldetails.TestPersonalDetails" name="verifyEachFiledValidation" time="21.700"/>
  <system-out/>
  <testcase classname="onpierTestpersonaldetails.TestPersonalDetails" name="verifyUnternehmenExtraOptions" time="44.428"/>
  <system-out/>
  <testcase classname="onpierTestpersonaldetails.TestPersonalDetails" name="verifyPersönlicheDateneingebenMandatoryErrorMessage" time="28.310"/>
  <system-out/>
</testsuite> <!-- onpierTestpersonaldetails.TestPersonalDetails -->
